FFFFFFF......FFFFFFFFFFFFFFFFFF                                          [100%]
=================================== FAILURES ===================================
____________________________ test_lifi_quote_params ____________________________
tests/test_bridge.py:8: in test_lifi_quote_params
    from defi_cli.bridge import build_lifi_quote_params
E   ModuleNotFoundError: No module named 'defi_cli.bridge'
___________________________ test_across_quote_params ___________________________
tests/test_bridge.py:29: in test_across_quote_params
    from defi_cli.bridge import build_across_quote_params
E   ModuleNotFoundError: No module named 'defi_cli.bridge'
______________________________ test_cctp_burn_tx _______________________________
tests/test_bridge.py:47: in test_cctp_burn_tx
    from defi_cli.bridge import build_cctp_burn_tx
E   ModuleNotFoundError: No module named 'defi_cli.bridge'
__________________________ test_debridge_quote_params __________________________
tests/test_bridge.py:64: in test_debridge_quote_params
    from defi_cli.bridge import build_debridge_quote_params
E   ModuleNotFoundError: No module named 'defi_cli.bridge'
____________________________ test_felix_open_trove _____________________________
tests/test_cdp.py:12: in test_felix_open_trove
    from defi_cli.cdp import build_open_trove_tx
E   ModuleNotFoundError: No module named 'defi_cli.cdp'
___________________________ test_felix_adjust_trove ____________________________
tests/test_cdp.py:29: in test_felix_adjust_trove
    from defi_cli.cdp import build_adjust_trove_tx
E   ModuleNotFoundError: No module named 'defi_cli.cdp'
____________________________ test_felix_close_trove ____________________________
tests/test_cdp.py:49: in test_felix_close_trove
    from defi_cli.cdp import build_close_trove_tx
E   ModuleNotFoundError: No module named 'defi_cli.cdp'
________________________ test_uniswap_v3_swap_arbitrum _________________________
tests/test_dex.py:8: in test_uniswap_v3_swap_arbitrum
    from defi_cli.dex import build_swap_tx
E   ModuleNotFoundError: No module named 'defi_cli.dex'
__________________________ test_uniswap_v3_swap_base ___________________________
tests/test_dex.py:28: in test_uniswap_v3_swap_base
    from defi_cli.dex import build_swap_tx
E   ModuleNotFoundError: No module named 'defi_cli.dex'
_____________________________ test_hyperswap_swap ______________________________
tests/test_dex.py:47: in test_hyperswap_swap
    from defi_cli.dex import build_swap_tx
E   ModuleNotFoundError: No module named 'defi_cli.dex'
_____________________________ test_kittenswap_swap _____________________________
tests/test_dex.py:67: in test_kittenswap_swap
    from defi_cli.dex import build_swap_tx
E   ModuleNotFoundError: No module named 'defi_cli.dex'
____________________________ test_dex_add_liquidity ____________________________
tests/test_dex.py:87: in test_dex_add_liquidity
    from defi_cli.dex import build_add_liquidity_tx
E   ModuleNotFoundError: No module named 'defi_cli.dex'
__________________________ test_dex_remove_liquidity ___________________________
tests/test_dex.py:110: in test_dex_remove_liquidity
    from defi_cli.dex import build_remove_liquidity_tx
E   ModuleNotFoundError: No module named 'defi_cli.dex'
_____________________________ test_aave_v3_supply ______________________________
tests/test_lending.py:8: in test_aave_v3_supply
    from defi_cli.lending import build_supply_tx
E   ModuleNotFoundError: No module named 'defi_cli.lending'
_____________________________ test_aave_v3_borrow ______________________________
tests/test_lending.py:26: in test_aave_v3_borrow
    from defi_cli.lending import build_borrow_tx
E   ModuleNotFoundError: No module named 'defi_cli.lending'
______________________________ test_aave_v3_repay ______________________________
tests/test_lending.py:44: in test_aave_v3_repay
    from defi_cli.lending import build_repay_tx
E   ModuleNotFoundError: No module named 'defi_cli.lending'
____________________________ test_aave_v3_withdraw _____________________________
tests/test_lending.py:62: in test_aave_v3_withdraw
    from defi_cli.lending import build_withdraw_tx
E   ModuleNotFoundError: No module named 'defi_cli.lending'
____________________________ test_hyperlend_supply _____________________________
tests/test_lending.py:80: in test_hyperlend_supply
    from defi_cli.lending import build_supply_tx
E   ModuleNotFoundError: No module named 'defi_cli.lending'
_________________________ test_lending_get_rates_call __________________________
tests/test_lending.py:98: in test_lending_get_rates_call
    from defi_cli.lending import build_get_rates_call
E   ModuleNotFoundError: No module named 'defi_cli.lending'
______________________________ test_wallet_create ______________________________
tests/test_wallet.py:8: in test_wallet_create
    from defi_cli.wallet import create_wallet
E   ModuleNotFoundError: No module named 'defi_cli.wallet'
_____________________ test_wallet_import_from_private_key ______________________
tests/test_wallet.py:19: in test_wallet_import_from_private_key
    from defi_cli.wallet import import_wallet
E   ModuleNotFoundError: No module named 'defi_cli.wallet'
____________________ test_wallet_build_native_balance_call _____________________
tests/test_wallet.py:28: in test_wallet_build_native_balance_call
    from defi_cli.wallet import build_native_balance_call
E   ModuleNotFoundError: No module named 'defi_cli.wallet'
_____________________ test_wallet_build_token_balance_call _____________________
tests/test_wallet.py:37: in test_wallet_build_token_balance_call
    from defi_cli.wallet import build_token_balance_call
E   ModuleNotFoundError: No module named 'defi_cli.wallet'
___________________________ test_yield_compare_rates ___________________________
tests/test_yield.py:6: in test_yield_compare_rates
    from defi_cli.yield_optimizer import compare_rates
E   ModuleNotFoundError: No module named 'defi_cli.yield_optimizer'
_______________________ test_yield_suggest_optimization ________________________
tests/test_yield.py:50: in test_yield_suggest_optimization
    from defi_cli.yield_optimizer import suggest_optimization
E   ModuleNotFoundError: No module named 'defi_cli.yield_optimizer'
=========================== short test summary info ============================
FAILED tests/test_bridge.py::test_lifi_quote_params - ModuleNotFoundError: No...
FAILED tests/test_bridge.py::test_across_quote_params - ModuleNotFoundError: ...
FAILED tests/test_bridge.py::test_cctp_burn_tx - ModuleNotFoundError: No modu...
FAILED tests/test_bridge.py::test_debridge_quote_params - ModuleNotFoundError...
FAILED tests/test_cdp.py::test_felix_open_trove - ModuleNotFoundError: No mod...
FAILED tests/test_cdp.py::test_felix_adjust_trove - ModuleNotFoundError: No m...
FAILED tests/test_cdp.py::test_felix_close_trove - ModuleNotFoundError: No mo...
FAILED tests/test_dex.py::test_uniswap_v3_swap_arbitrum - ModuleNotFoundError...
FAILED tests/test_dex.py::test_uniswap_v3_swap_base - ModuleNotFoundError: No...
FAILED tests/test_dex.py::test_hyperswap_swap - ModuleNotFoundError: No modul...
FAILED tests/test_dex.py::test_kittenswap_swap - ModuleNotFoundError: No modu...
FAILED tests/test_dex.py::test_dex_add_liquidity - ModuleNotFoundError: No mo...
FAILED tests/test_dex.py::test_dex_remove_liquidity - ModuleNotFoundError: No...
FAILED tests/test_lending.py::test_aave_v3_supply - ModuleNotFoundError: No m...
FAILED tests/test_lending.py::test_aave_v3_borrow - ModuleNotFoundError: No m...
FAILED tests/test_lending.py::test_aave_v3_repay - ModuleNotFoundError: No mo...
FAILED tests/test_lending.py::test_aave_v3_withdraw - ModuleNotFoundError: No...
FAILED tests/test_lending.py::test_hyperlend_supply - ModuleNotFoundError: No...
FAILED tests/test_lending.py::test_lending_get_rates_call - ModuleNotFoundErr...
FAILED tests/test_wallet.py::test_wallet_create - ModuleNotFoundError: No mod...
FAILED tests/test_wallet.py::test_wallet_import_from_private_key - ModuleNotF...
FAILED tests/test_wallet.py::test_wallet_build_native_balance_call - ModuleNo...
FAILED tests/test_wallet.py::test_wallet_build_token_balance_call - ModuleNot...
FAILED tests/test_yield.py::test_yield_compare_rates - ModuleNotFoundError: N...
FAILED tests/test_yield.py::test_yield_suggest_optimization - ModuleNotFoundE...
25 failed, 6 passed in 0.05s
All checks passed!
